<?xml version="1.0" encoding="UTF-8"?>
<!-- Generated by org.testng.reporters.JUnitReportReporter -->
<testsuite hostname="MOHAN" failures="0" tests="1" name="com.testng.Flipkart" time="42.169" errors="0" timestamp="2022-08-25T13:45:03 GMT-12:00" skipped="0">
  <testcase classname="com.testng.Flipkart" name="login" time="42.169"/>
  <system-out/>
</testsuite> <!-- com.testng.Flipkart -->
