<?xml version="1.0" encoding="UTF-8"?>
<!-- Generated by org.testng.reporters.JUnitReportReporter -->
<testsuite hostname="MOHAN" failures="0" tests="3" name="com.testng.TestNGNew" time="0.014" errors="0" timestamp="2022-08-25T11:44:54 GMT-12:00" skipped="0">
  <testcase classname="com.testng.TestNGNew" name="New1" time="0.008"/>
  <system-out/>
  <testcase classname="com.testng.TestNGNew" name="New3" time="0.001"/>
  <system-out/>
  <testcase classname="com.testng.TestNGNew" name="New2" time="0.005"/>
  <system-out/>
</testsuite> <!-- com.testng.TestNGNew -->
