<?xml version="1.0" encoding="UTF-8"?>
<!-- Generated by org.testng.reporters.JUnitReportReporter -->
<testsuite hostname="MOHAN" failures="0" tests="1" name="com.testng.HotelAddict" time="33.241" errors="0" timestamp="2022-08-25T13:45:03 GMT-12:00" skipped="0">
  <testcase classname="com.testng.HotelAddict" name="login" time="33.241"/>
  <system-out/>
</testsuite> <!-- com.testng.HotelAddict -->
