<?xml version="1.0" encoding="UTF-8"?>
<!-- Generated by org.testng.reporters.JUnitReportReporter -->
<testsuite hostname="MOHAN" name="com.testng.HotelAddict" tests="1" failures="0" timestamp="3 Sep 2022 23:09:55 GMT" time="21.904" errors="0">
  <testcase name="login" time="21.904" classname="com.testng.HotelAddict"/>
</testsuite> <!-- com.testng.HotelAddict -->
