<?xml version="1.0" encoding="UTF-8"?>
<!-- Generated by org.testng.reporters.JUnitReportReporter -->
<testsuite hostname="MOHAN" name="com.testng.HotelAddict" tests="1" failures="0" timestamp="3 Sep 2022 23:26:08 GMT" time="40.955" errors="0">
  <testcase name="login" time="40.955" classname="com.testng.HotelAddict"/>
</testsuite> <!-- com.testng.HotelAddict -->
