<?xml version="1.0" encoding="UTF-8"?>
<!-- Generated by org.testng.reporters.JUnitReportReporter -->
<testsuite hostname="MOHAN" failures="0" tests="3" name="com.testng.TestNGNew" time="0.011" errors="0" timestamp="2022-09-02T07:56:59 GMT-12:00" skipped="0">
  <testcase classname="com.testng.TestNGNew" name="New3" time="0.002"/>
  <system-out/>
  <testcase classname="com.testng.TestNGNew" name="New1" time="0.005"/>
  <system-out/>
  <testcase classname="com.testng.TestNGNew" name="New2" time="0.004"/>
  <system-out/>
</testsuite> <!-- com.testng.TestNGNew -->
